[debug] [2025-05-09T13:19:45.410Z] ----------------------------------------------------------------------
[debug] [2025-05-09T13:19:45.413Z] Command:       /usr/local/share/nvm/versions/node/v20.19.0/bin/node /home/codespace/nvm/current/bin/firebase init
[debug] [2025-05-09T13:19:45.414Z] CLI Version:   14.3.0
[debug] [2025-05-09T13:19:45.415Z] Platform:      linux
[debug] [2025-05-09T13:19:45.415Z] Node Version:  v20.19.0
[debug] [2025-05-09T13:19:45.415Z] Time:          Fri May 09 2025 13:19:45 GMT+0000 (Coordinated Universal Time)
[debug] [2025-05-09T13:19:45.416Z] Env Overrides: GITHUB_API_URL, GITHUB_API_URL
[debug] [2025-05-09T13:19:45.416Z] ----------------------------------------------------------------------
[debug] 
[debug] [2025-05-09T13:19:45.419Z] >>> [apiv2][query] GET https://firebase-public.firebaseio.com/cli.json [none]
[debug] [2025-05-09T13:19:45.488Z] > command requires scopes: ["email","openid","https://www.googleapis.com/auth/cloudplatformprojects.readonly","https://www.googleapis.com/auth/firebase","https://www.googleapis.com/auth/cloud-platform"]
[debug] [2025-05-09T13:19:45.488Z] > authorizing via signed-in user (myprayagrajliving@gmail.com)
[info] 
     ######## #### ########  ######## ########     ###     ######  ########
     ##        ##  ##     ## ##       ##     ##  ##   ##  ##       ##
     ######    ##  ########  ######   ########  #########  ######  ######
     ##        ##  ##    ##  ##       ##     ## ##     ##       ## ##
     ##       #### ##     ## ######## ########  ##     ##  ######  ########

You're about to initialize a Firebase project in this directory:

  /workspaces/Dhanalakshmi-Investments

Before we get started, keep in mind:

  * You are currently outside your home directory

[debug] [2025-05-09T13:19:46.114Z] <<< [apiv2][status] GET https://firebase-public.firebaseio.com/cli.json 200
[debug] [2025-05-09T13:19:46.115Z] <<< [apiv2][body] GET https://firebase-public.firebaseio.com/cli.json {"cloudBuildErrorAfter":1594252800000,"cloudBuildWarnAfter":1590019200000,"defaultNode10After":1594252800000,"minVersion":"3.0.5","node8DeploysDisabledAfter":1613390400000,"node8RuntimeDisabledAfter":1615809600000,"node8WarnAfter":1600128000000}
[info] 
=== Project Setup
[info] 
[info] First, let's associate this project directory with a Firebase project.
[info] You can create multiple project aliases by running firebase use --add, 
[info] but for now we'll just set up a default project.
[info] 
[debug] [2025-05-09T13:19:53.177Z] Checked if tokens are valid: false, expires at: 1746716936828
[debug] [2025-05-09T13:19:53.177Z] Checked if tokens are valid: false, expires at: 1746716936828
[debug] [2025-05-09T13:19:53.178Z] > refreshing access token with scopes: []
[debug] [2025-05-09T13:19:53.179Z] >>> [apiv2][query] POST https://www.googleapis.com/oauth2/v3/token [none]
[debug] [2025-05-09T13:19:53.179Z] >>> [apiv2][body] POST https://www.googleapis.com/oauth2/v3/token [omitted]
[debug] [2025-05-09T13:19:53.346Z] <<< [apiv2][status] POST https://www.googleapis.com/oauth2/v3/token 200
[debug] [2025-05-09T13:19:53.347Z] <<< [apiv2][body] POST https://www.googleapis.com/oauth2/v3/token [omitted]
[debug] [2025-05-09T13:19:53.360Z] >>> [apiv2][query] GET https://firebase.googleapis.com/v1beta1/projects pageSize=100
[debug] [2025-05-09T13:19:54.029Z] <<< [apiv2][status] GET https://firebase.googleapis.com/v1beta1/projects 200
[debug] [2025-05-09T13:19:54.029Z] <<< [apiv2][body] GET https://firebase.googleapis.com/v1beta1/projects [omitted]
[info] i  Using project myfirebasesite0786 (MyFirebasesite0786) 
[info] 
=== Firestore Setup
[debug] [2025-05-09T13:19:55.424Z] Checked if tokens are valid: true, expires at: 1746800392347
[debug] [2025-05-09T13:19:55.424Z] Checked if tokens are valid: true, expires at: 1746800392347
[debug] [2025-05-09T13:19:55.424Z] >>> [apiv2][query] GET https://serviceusage.googleapis.com/v1/projects/myfirebasesite0786/services/firestore.googleapis.com [none]
[debug] [2025-05-09T13:19:55.424Z] >>> [apiv2][(partial)header] GET https://serviceusage.googleapis.com/v1/projects/myfirebasesite0786/services/firestore.googleapis.com x-goog-quota-user=projects/myfirebasesite0786
[debug] [2025-05-09T13:19:57.236Z] <<< [apiv2][status] GET https://serviceusage.googleapis.com/v1/projects/myfirebasesite0786/services/firestore.googleapis.com 200
[debug] [2025-05-09T13:19:57.236Z] <<< [apiv2][body] GET https://serviceusage.googleapis.com/v1/projects/myfirebasesite0786/services/firestore.googleapis.com [omitted]
[debug] [2025-05-09T13:19:57.237Z] Checked if tokens are valid: true, expires at: 1746800392347
[debug] [2025-05-09T13:19:57.237Z] Checked if tokens are valid: true, expires at: 1746800392347
[debug] [2025-05-09T13:19:57.237Z] >>> [apiv2][query] GET https://firestore.googleapis.com/v1/projects/myfirebasesite0786/databases/(default) [none]
[debug] [2025-05-09T13:19:57.447Z] <<< [apiv2][status] GET https://firestore.googleapis.com/v1/projects/myfirebasesite0786/databases/(default) 200
[debug] [2025-05-09T13:19:57.448Z] <<< [apiv2][body] GET https://firestore.googleapis.com/v1/projects/myfirebasesite0786/databases/(default) {"name":"projects/myfirebasesite0786/databases/(default)","uid":"b8fe5a95-d0ac-46c8-91f1-a4e5c7bc69fc","createTime":"2025-05-07T18:27:46.897149Z","updateTime":"2025-05-07T18:27:46.897149Z","locationId":"asia-south1","type":"FIRESTORE_NATIVE","concurrencyMode":"PESSIMISTIC","versionRetentionPeriod":"3600s","earliestVersionTime":"2025-05-09T12:19:57.446171Z","appEngineIntegrationMode":"DISABLED","keyPrefix":"j","pointInTimeRecoveryEnablement":"POINT_IN_TIME_RECOVERY_DISABLED","deleteProtectionState":"DELETE_PROTECTION_DISABLED","databaseEdition":"STANDARD","freeTier":true,"etag":"IL2L7ZS9lo0DMJm/ncb+kY0D"}
[debug] [2025-05-09T13:19:57.448Z] database_type: FIRESTORE_NATIVE
[debug] [2025-05-09T13:19:57.448Z] database_type: FIRESTORE_NATIVE
[debug] [2025-05-09T13:19:57.449Z] > command requires scopes: ["email","openid","https://www.googleapis.com/auth/cloudplatformprojects.readonly","https://www.googleapis.com/auth/firebase","https://www.googleapis.com/auth/cloud-platform"]
[debug] [2025-05-09T13:19:57.449Z] > authorizing via signed-in user (myprayagrajliving@gmail.com)
[debug] [2025-05-09T13:19:57.450Z] [iam] checking project myfirebasesite0786 for permissions ["firebase.projects.get"]
[debug] [2025-05-09T13:19:57.451Z] Checked if tokens are valid: true, expires at: 1746800392347
[debug] [2025-05-09T13:19:57.451Z] Checked if tokens are valid: true, expires at: 1746800392347
[debug] [2025-05-09T13:19:57.451Z] >>> [apiv2][query] POST https://cloudresourcemanager.googleapis.com/v1/projects/myfirebasesite0786:testIamPermissions [none]
[debug] [2025-05-09T13:19:57.451Z] >>> [apiv2][(partial)header] POST https://cloudresourcemanager.googleapis.com/v1/projects/myfirebasesite0786:testIamPermissions x-goog-quota-user=projects/myfirebasesite0786
[debug] [2025-05-09T13:19:57.451Z] >>> [apiv2][body] POST https://cloudresourcemanager.googleapis.com/v1/projects/myfirebasesite0786:testIamPermissions {"permissions":["firebase.projects.get"]}
[debug] [2025-05-09T13:19:58.905Z] <<< [apiv2][status] POST https://cloudresourcemanager.googleapis.com/v1/projects/myfirebasesite0786:testIamPermissions 200
[debug] [2025-05-09T13:19:58.905Z] <<< [apiv2][body] POST https://cloudresourcemanager.googleapis.com/v1/projects/myfirebasesite0786:testIamPermissions {"permissions":["firebase.projects.get"]}
[info] 
[info] Firestore Security Rules allow you to define how and when to allow
[info] requests. You can keep these rules in your project directory
[info] and publish them with firebase deploy.
[info] 
[debug] [2025-05-09T13:20:01.833Z] Checked if tokens are valid: true, expires at: 1746800392347
[debug] [2025-05-09T13:20:01.834Z] Checked if tokens are valid: true, expires at: 1746800392347
[debug] [2025-05-09T13:20:01.834Z] >>> [apiv2][query] GET https://firebaserules.googleapis.com/v1/projects/myfirebasesite0786/releases pageSize=10&pageToken=
[debug] [2025-05-09T13:20:03.361Z] <<< [apiv2][status] GET https://firebaserules.googleapis.com/v1/projects/myfirebasesite0786/releases 200
[debug] [2025-05-09T13:20:03.361Z] <<< [apiv2][body] GET https://firebaserules.googleapis.com/v1/projects/myfirebasesite0786/releases {"releases":[{"name":"projects/myfirebasesite0786/releases/cloud.firestore","rulesetName":"projects/myfirebasesite0786/rulesets/469d2e84-4298-4e2d-9075-5902c2958f22","createTime":"2025-05-07T18:27:56.387402Z","updateTime":"2025-05-07T19:19:43.614068Z"}]}
[debug] [2025-05-09T13:20:03.361Z] Found ruleset: projects/myfirebasesite0786/rulesets/469d2e84-4298-4e2d-9075-5902c2958f22
[debug] [2025-05-09T13:20:03.362Z] Checked if tokens are valid: true, expires at: 1746800392347
[debug] [2025-05-09T13:20:03.362Z] Checked if tokens are valid: true, expires at: 1746800392347
[debug] [2025-05-09T13:20:03.362Z] >>> [apiv2][query] GET https://firebaserules.googleapis.com/v1/projects/myfirebasesite0786/rulesets/469d2e84-4298-4e2d-9075-5902c2958f22 [none]
[debug] [2025-05-09T13:20:04.765Z] <<< [apiv2][status] GET https://firebaserules.googleapis.com/v1/projects/myfirebasesite0786/rulesets/469d2e84-4298-4e2d-9075-5902c2958f22 200
[debug] [2025-05-09T13:20:04.766Z] <<< [apiv2][body] GET https://firebaserules.googleapis.com/v1/projects/myfirebasesite0786/rulesets/469d2e84-4298-4e2d-9075-5902c2958f22 [omitted]
[debug] [2025-05-09T13:20:04.969Z] TypeError [ERR_INVALID_ARG_TYPE]: The "path" argument must be of type string. Received undefined
    at Object.isAbsolute (node:path:1253:5)
    at Config.path (/usr/local/share/nvm/versions/node/v20.19.0/lib/node_modules/firebase-tools/lib/config.js:130:18)
    at Config.writeProjectFile (/usr/local/share/nvm/versions/node/v20.19.0/lib/node_modules/firebase-tools/lib/config.js:162:32)
    at /usr/local/share/nvm/versions/node/v20.19.0/lib/node_modules/firebase-tools/lib/init/features/firestore/rules.js:37:23
    at process.processTicksAndRejections (node:internal/process/task_queues:95:5)
    at async doSetup (/usr/local/share/nvm/versions/node/v20.19.0/lib/node_modules/firebase-tools/lib/init/features/firestore/index.js:48:5)
    at async init (/usr/local/share/nvm/versions/node/v20.19.0/lib/node_modules/firebase-tools/lib/init/index.js:41:9)
    at async Command.initAction [as actionFn] (/usr/local/share/nvm/versions/node/v20.19.0/lib/node_modules/firebase-tools/lib/commands/init.js:187:5)
[error] 
[error] Error: An unexpected error has occurred.
[debug] [2025-05-10T01:26:57.167Z] ----------------------------------------------------------------------
[debug] [2025-05-10T01:26:57.169Z] Command:       /usr/local/share/nvm/versions/node/v20.19.0/bin/node /home/codespace/nvm/current/bin/firebase init
[debug] [2025-05-10T01:26:57.169Z] CLI Version:   14.3.0
[debug] [2025-05-10T01:26:57.169Z] Platform:      linux
[debug] [2025-05-10T01:26:57.170Z] Node Version:  v20.19.0
[debug] [2025-05-10T01:26:57.170Z] Time:          Sat May 10 2025 01:26:57 GMT+0000 (Coordinated Universal Time)
[debug] [2025-05-10T01:26:57.170Z] Env Overrides: GITHUB_API_URL, GITHUB_API_URL
[debug] [2025-05-10T01:26:57.170Z] ----------------------------------------------------------------------
[debug] 
[debug] [2025-05-10T01:26:57.175Z] > command requires scopes: ["email","openid","https://www.googleapis.com/auth/cloudplatformprojects.readonly","https://www.googleapis.com/auth/firebase","https://www.googleapis.com/auth/cloud-platform"]
[debug] [2025-05-10T01:26:57.175Z] > authorizing via signed-in user (myprayagrajliving@gmail.com)
[info] 
     ######## #### ########  ######## ########     ###     ######  ########
     ##        ##  ##     ## ##       ##     ##  ##   ##  ##       ##
     ######    ##  ########  ######   ########  #########  ######  ######
     ##        ##  ##    ##  ##       ##     ## ##     ##       ## ##
     ##       #### ##     ## ######## ########  ##     ##  ######  ########

You're about to initialize a Firebase project in this directory:

  /workspaces/Dhanalakshmi-Investments

Before we get started, keep in mind:

  * You are currently outside your home directory

[info] 
=== Project Setup
[info] 
[info] First, let's associate this project directory with a Firebase project.
[info] You can create multiple project aliases by running firebase use --add, 
[info] but for now we'll just set up a default project.
[info] 
[debug] [2025-05-10T01:27:05.352Z] Checked if tokens are valid: false, expires at: 1746800392347
[debug] [2025-05-10T01:27:05.356Z] Checked if tokens are valid: false, expires at: 1746800392347
[debug] [2025-05-10T01:27:05.356Z] > refreshing access token with scopes: []
[debug] [2025-05-10T01:27:05.360Z] >>> [apiv2][query] POST https://www.googleapis.com/oauth2/v3/token [none]
[debug] [2025-05-10T01:27:05.364Z] >>> [apiv2][body] POST https://www.googleapis.com/oauth2/v3/token [omitted]
[debug] [2025-05-10T01:27:05.634Z] <<< [apiv2][status] POST https://www.googleapis.com/oauth2/v3/token 200
[debug] [2025-05-10T01:27:05.635Z] <<< [apiv2][body] POST https://www.googleapis.com/oauth2/v3/token [omitted]
[debug] [2025-05-10T01:27:05.643Z] >>> [apiv2][query] GET https://firebase.googleapis.com/v1beta1/projects pageSize=100
[debug] [2025-05-10T01:27:06.507Z] <<< [apiv2][status] GET https://firebase.googleapis.com/v1beta1/projects 200
[debug] [2025-05-10T01:27:06.508Z] <<< [apiv2][body] GET https://firebase.googleapis.com/v1beta1/projects [omitted]
[info] i  Using project myfirebasesite0786 (MyFirebasesite0786) 
[info] 
=== Firestore Setup
[debug] [2025-05-10T01:27:07.268Z] Checked if tokens are valid: true, expires at: 1746844024635
[debug] [2025-05-10T01:27:07.268Z] Checked if tokens are valid: true, expires at: 1746844024635
[debug] [2025-05-10T01:27:07.268Z] >>> [apiv2][query] GET https://serviceusage.googleapis.com/v1/projects/myfirebasesite0786/services/firestore.googleapis.com [none]
[debug] [2025-05-10T01:27:07.268Z] >>> [apiv2][(partial)header] GET https://serviceusage.googleapis.com/v1/projects/myfirebasesite0786/services/firestore.googleapis.com x-goog-quota-user=projects/myfirebasesite0786
[debug] [2025-05-10T01:27:09.083Z] <<< [apiv2][status] GET https://serviceusage.googleapis.com/v1/projects/myfirebasesite0786/services/firestore.googleapis.com 200
[debug] [2025-05-10T01:27:09.083Z] <<< [apiv2][body] GET https://serviceusage.googleapis.com/v1/projects/myfirebasesite0786/services/firestore.googleapis.com [omitted]
[debug] [2025-05-10T01:27:09.084Z] Checked if tokens are valid: true, expires at: 1746844024635
[debug] [2025-05-10T01:27:09.085Z] Checked if tokens are valid: true, expires at: 1746844024635
[debug] [2025-05-10T01:27:09.085Z] >>> [apiv2][query] GET https://firestore.googleapis.com/v1/projects/myfirebasesite0786/databases/(default) [none]
[debug] [2025-05-10T01:27:09.559Z] <<< [apiv2][status] GET https://firestore.googleapis.com/v1/projects/myfirebasesite0786/databases/(default) 200
[debug] [2025-05-10T01:27:09.563Z] <<< [apiv2][body] GET https://firestore.googleapis.com/v1/projects/myfirebasesite0786/databases/(default) {"name":"projects/myfirebasesite0786/databases/(default)","uid":"b8fe5a95-d0ac-46c8-91f1-a4e5c7bc69fc","createTime":"2025-05-07T18:27:46.897149Z","updateTime":"2025-05-07T18:27:46.897149Z","locationId":"asia-south1","type":"FIRESTORE_NATIVE","concurrencyMode":"PESSIMISTIC","versionRetentionPeriod":"3600s","earliestVersionTime":"2025-05-10T00:27:09.555546Z","appEngineIntegrationMode":"DISABLED","keyPrefix":"j","pointInTimeRecoveryEnablement":"POINT_IN_TIME_RECOVERY_DISABLED","deleteProtectionState":"DELETE_PROTECTION_DISABLED","databaseEdition":"STANDARD","freeTier":true,"etag":"IPHZodrfl40DMJm/ncb+kY0D"}
[debug] [2025-05-10T01:27:09.563Z] database_type: FIRESTORE_NATIVE
[debug] [2025-05-10T01:27:09.563Z] database_type: FIRESTORE_NATIVE
[debug] [2025-05-10T01:27:09.563Z] > command requires scopes: ["email","openid","https://www.googleapis.com/auth/cloudplatformprojects.readonly","https://www.googleapis.com/auth/firebase","https://www.googleapis.com/auth/cloud-platform"]
[debug] [2025-05-10T01:27:09.564Z] > authorizing via signed-in user (myprayagrajliving@gmail.com)
[debug] [2025-05-10T01:27:09.564Z] [iam] checking project myfirebasesite0786 for permissions ["firebase.projects.get"]
[debug] [2025-05-10T01:27:09.565Z] Checked if tokens are valid: true, expires at: 1746844024635
[debug] [2025-05-10T01:27:09.565Z] Checked if tokens are valid: true, expires at: 1746844024635
[debug] [2025-05-10T01:27:09.565Z] >>> [apiv2][query] POST https://cloudresourcemanager.googleapis.com/v1/projects/myfirebasesite0786:testIamPermissions [none]
[debug] [2025-05-10T01:27:09.565Z] >>> [apiv2][(partial)header] POST https://cloudresourcemanager.googleapis.com/v1/projects/myfirebasesite0786:testIamPermissions x-goog-quota-user=projects/myfirebasesite0786
[debug] [2025-05-10T01:27:09.565Z] >>> [apiv2][body] POST https://cloudresourcemanager.googleapis.com/v1/projects/myfirebasesite0786:testIamPermissions {"permissions":["firebase.projects.get"]}
[debug] [2025-05-10T01:27:11.021Z] <<< [apiv2][status] POST https://cloudresourcemanager.googleapis.com/v1/projects/myfirebasesite0786:testIamPermissions 200
[debug] [2025-05-10T01:27:11.021Z] <<< [apiv2][body] POST https://cloudresourcemanager.googleapis.com/v1/projects/myfirebasesite0786:testIamPermissions {"permissions":["firebase.projects.get"]}
[info] 
[info] Firestore Security Rules allow you to define how and when to allow
[info] requests. You can keep these rules in your project directory
[info] and publish them with firebase deploy.
[info] 
[debug] [2025-05-10T01:27:13.705Z] Checked if tokens are valid: true, expires at: 1746844024635
[debug] [2025-05-10T01:27:13.706Z] Checked if tokens are valid: true, expires at: 1746844024635
[debug] [2025-05-10T01:27:13.707Z] >>> [apiv2][query] GET https://firebaserules.googleapis.com/v1/projects/myfirebasesite0786/releases pageSize=10&pageToken=
[debug] [2025-05-10T01:27:15.161Z] <<< [apiv2][status] GET https://firebaserules.googleapis.com/v1/projects/myfirebasesite0786/releases 200
[debug] [2025-05-10T01:27:15.161Z] <<< [apiv2][body] GET https://firebaserules.googleapis.com/v1/projects/myfirebasesite0786/releases {"releases":[{"name":"projects/myfirebasesite0786/releases/cloud.firestore","rulesetName":"projects/myfirebasesite0786/rulesets/469d2e84-4298-4e2d-9075-5902c2958f22","createTime":"2025-05-07T18:27:56.387402Z","updateTime":"2025-05-07T19:19:43.614068Z"}]}
[debug] [2025-05-10T01:27:15.161Z] Found ruleset: projects/myfirebasesite0786/rulesets/469d2e84-4298-4e2d-9075-5902c2958f22
[debug] [2025-05-10T01:27:15.161Z] Checked if tokens are valid: true, expires at: 1746844024635
[debug] [2025-05-10T01:27:15.161Z] Checked if tokens are valid: true, expires at: 1746844024635
[debug] [2025-05-10T01:27:15.162Z] >>> [apiv2][query] GET https://firebaserules.googleapis.com/v1/projects/myfirebasesite0786/rulesets/469d2e84-4298-4e2d-9075-5902c2958f22 [none]
[debug] [2025-05-10T01:27:16.461Z] <<< [apiv2][status] GET https://firebaserules.googleapis.com/v1/projects/myfirebasesite0786/rulesets/469d2e84-4298-4e2d-9075-5902c2958f22 200
[debug] [2025-05-10T01:27:16.461Z] <<< [apiv2][body] GET https://firebaserules.googleapis.com/v1/projects/myfirebasesite0786/rulesets/469d2e84-4298-4e2d-9075-5902c2958f22 [omitted]
[debug] [2025-05-10T01:27:16.573Z] TypeError [ERR_INVALID_ARG_TYPE]: The "path" argument must be of type string. Received undefined
    at Object.isAbsolute (node:path:1253:5)
    at Config.path (/usr/local/share/nvm/versions/node/v20.19.0/lib/node_modules/firebase-tools/lib/config.js:130:18)
    at Config.writeProjectFile (/usr/local/share/nvm/versions/node/v20.19.0/lib/node_modules/firebase-tools/lib/config.js:162:32)
    at /usr/local/share/nvm/versions/node/v20.19.0/lib/node_modules/firebase-tools/lib/init/features/firestore/rules.js:37:23
    at process.processTicksAndRejections (node:internal/process/task_queues:95:5)
    at async doSetup (/usr/local/share/nvm/versions/node/v20.19.0/lib/node_modules/firebase-tools/lib/init/features/firestore/index.js:48:5)
    at async init (/usr/local/share/nvm/versions/node/v20.19.0/lib/node_modules/firebase-tools/lib/init/index.js:41:9)
    at async Command.initAction [as actionFn] (/usr/local/share/nvm/versions/node/v20.19.0/lib/node_modules/firebase-tools/lib/commands/init.js:187:5)
[error] 
[error] Error: An unexpected error has occurred.
