[debug] [2025-05-08T03:58:34.996Z] ----------------------------------------------------------------------
[debug] [2025-05-08T03:58:34.998Z] Command:       /usr/local/share/nvm/versions/node/v20.19.0/bin/node /home/codespace/nvm/current/bin/firebase init
[debug] [2025-05-08T03:58:34.998Z] CLI Version:   14.3.0
[debug] [2025-05-08T03:58:34.998Z] Platform:      linux
[debug] [2025-05-08T03:58:34.998Z] Node Version:  v20.19.0
[debug] [2025-05-08T03:58:34.999Z] Time:          Thu May 08 2025 03:58:34 GMT+0000 (Coordinated Universal Time)
[debug] [2025-05-08T03:58:34.999Z] Env Overrides: GITHUB_API_URL, GITHUB_API_URL
[debug] [2025-05-08T03:58:34.999Z] ----------------------------------------------------------------------
[debug] 
[debug] [2025-05-08T03:58:35.002Z] > command requires scopes: ["email","openid","https://www.googleapis.com/auth/cloudplatformprojects.readonly","https://www.googleapis.com/auth/firebase","https://www.googleapis.com/auth/cloud-platform"]
[debug] [2025-05-08T03:58:35.003Z] > authorizing via signed-in user (myprayagrajliving@gmail.com)
[info] 
     ######## #### ########  ######## ########     ###     ######  ########
     ##        ##  ##     ## ##       ##     ##  ##   ##  ##       ##
     ######    ##  ########  ######   ########  #########  ######  ######
     ##        ##  ##    ##  ##       ##     ## ##     ##       ## ##
     ##       #### ##     ## ######## ########  ##     ##  ######  ########

You're about to initialize a Firebase project in this directory:

  /workspaces/Dhanalakshmi-Investments/dhanalakshmi

Before we get started, keep in mind:

  * You are currently outside your home directory

[info] 
=== Project Setup
[info] 
[info] First, let's associate this project directory with a Firebase project.
[info] You can create multiple project aliases by running firebase use --add, 
[info] but for now we'll just set up a default project.
[info] 
[debug] [2025-05-08T03:58:49.089Z] Checked if tokens are valid: true, expires at: 1746680218115
[debug] [2025-05-08T03:58:49.089Z] Checked if tokens are valid: true, expires at: 1746680218115
[debug] [2025-05-08T03:58:49.091Z] >>> [apiv2][query] GET https://firebase.googleapis.com/v1beta1/projects pageSize=100
[debug] [2025-05-08T03:58:49.777Z] <<< [apiv2][status] GET https://firebase.googleapis.com/v1beta1/projects 200
[debug] [2025-05-08T03:58:49.777Z] <<< [apiv2][body] GET https://firebase.googleapis.com/v1beta1/projects [omitted]
[info] i  Using project myfirebasesite0786 (MyFirebasesite0786) 
[info] 
=== Firestore Setup
[debug] [2025-05-08T03:58:54.061Z] Checked if tokens are valid: true, expires at: 1746680218115
[debug] [2025-05-08T03:58:54.062Z] Checked if tokens are valid: true, expires at: 1746680218115
[debug] [2025-05-08T03:58:54.062Z] >>> [apiv2][query] GET https://serviceusage.googleapis.com/v1/projects/myfirebasesite0786/services/firestore.googleapis.com [none]
[debug] [2025-05-08T03:58:54.062Z] >>> [apiv2][(partial)header] GET https://serviceusage.googleapis.com/v1/projects/myfirebasesite0786/services/firestore.googleapis.com x-goog-quota-user=projects/myfirebasesite0786
[debug] [2025-05-08T03:58:56.611Z] <<< [apiv2][status] GET https://serviceusage.googleapis.com/v1/projects/myfirebasesite0786/services/firestore.googleapis.com 200
[debug] [2025-05-08T03:58:56.611Z] <<< [apiv2][body] GET https://serviceusage.googleapis.com/v1/projects/myfirebasesite0786/services/firestore.googleapis.com [omitted]
[debug] [2025-05-08T03:58:56.611Z] Checked if tokens are valid: true, expires at: 1746680218115
[debug] [2025-05-08T03:58:56.611Z] Checked if tokens are valid: true, expires at: 1746680218115
[debug] [2025-05-08T03:58:56.612Z] >>> [apiv2][query] GET https://firestore.googleapis.com/v1/projects/myfirebasesite0786/databases/(default) [none]
[debug] [2025-05-08T03:58:56.759Z] <<< [apiv2][status] GET https://firestore.googleapis.com/v1/projects/myfirebasesite0786/databases/(default) 200
[debug] [2025-05-08T03:58:56.759Z] <<< [apiv2][body] GET https://firestore.googleapis.com/v1/projects/myfirebasesite0786/databases/(default) {"name":"projects/myfirebasesite0786/databases/(default)","uid":"b8fe5a95-d0ac-46c8-91f1-a4e5c7bc69fc","createTime":"2025-05-07T18:27:46.897149Z","updateTime":"2025-05-07T18:27:46.897149Z","locationId":"asia-south1","type":"FIRESTORE_NATIVE","concurrencyMode":"PESSIMISTIC","versionRetentionPeriod":"3600s","earliestVersionTime":"2025-05-08T02:58:56.795615Z","appEngineIntegrationMode":"DISABLED","keyPrefix":"j","pointInTimeRecoveryEnablement":"POINT_IN_TIME_RECOVERY_DISABLED","deleteProtectionState":"DELETE_PROTECTION_DISABLED","databaseEdition":"STANDARD","freeTier":true,"etag":"IJjCvPP9ko0DMJm/ncb+kY0D"}
[debug] [2025-05-08T03:58:56.760Z] database_type: FIRESTORE_NATIVE
[debug] [2025-05-08T03:58:56.760Z] database_type: FIRESTORE_NATIVE
[debug] [2025-05-08T03:58:56.760Z] > command requires scopes: ["email","openid","https://www.googleapis.com/auth/cloudplatformprojects.readonly","https://www.googleapis.com/auth/firebase","https://www.googleapis.com/auth/cloud-platform"]
[debug] [2025-05-08T03:58:56.760Z] > authorizing via signed-in user (myprayagrajliving@gmail.com)
[debug] [2025-05-08T03:58:56.760Z] [iam] checking project myfirebasesite0786 for permissions ["firebase.projects.get"]
[debug] [2025-05-08T03:58:56.761Z] Checked if tokens are valid: true, expires at: 1746680218115
[debug] [2025-05-08T03:58:56.761Z] Checked if tokens are valid: true, expires at: 1746680218115
[debug] [2025-05-08T03:58:56.761Z] >>> [apiv2][query] POST https://cloudresourcemanager.googleapis.com/v1/projects/myfirebasesite0786:testIamPermissions [none]
[debug] [2025-05-08T03:58:56.761Z] >>> [apiv2][(partial)header] POST https://cloudresourcemanager.googleapis.com/v1/projects/myfirebasesite0786:testIamPermissions x-goog-quota-user=projects/myfirebasesite0786
[debug] [2025-05-08T03:58:56.761Z] >>> [apiv2][body] POST https://cloudresourcemanager.googleapis.com/v1/projects/myfirebasesite0786:testIamPermissions {"permissions":["firebase.projects.get"]}
[debug] [2025-05-08T03:58:58.193Z] <<< [apiv2][status] POST https://cloudresourcemanager.googleapis.com/v1/projects/myfirebasesite0786:testIamPermissions 200
[debug] [2025-05-08T03:58:58.194Z] <<< [apiv2][body] POST https://cloudresourcemanager.googleapis.com/v1/projects/myfirebasesite0786:testIamPermissions {"permissions":["firebase.projects.get"]}
[info] 
[info] Firestore Security Rules allow you to define how and when to allow
[info] requests. You can keep these rules in your project directory
[info] and publish them with firebase deploy.
[info] 
[debug] [2025-05-08T03:59:00.289Z] Checked if tokens are valid: true, expires at: 1746680218115
[debug] [2025-05-08T03:59:00.290Z] Checked if tokens are valid: true, expires at: 1746680218115
[debug] [2025-05-08T03:59:00.290Z] >>> [apiv2][query] GET https://firebaserules.googleapis.com/v1/projects/myfirebasesite0786/releases pageSize=10&pageToken=
[debug] [2025-05-08T03:59:01.653Z] <<< [apiv2][status] GET https://firebaserules.googleapis.com/v1/projects/myfirebasesite0786/releases 200
[debug] [2025-05-08T03:59:01.653Z] <<< [apiv2][body] GET https://firebaserules.googleapis.com/v1/projects/myfirebasesite0786/releases {"releases":[{"name":"projects/myfirebasesite0786/releases/cloud.firestore","rulesetName":"projects/myfirebasesite0786/rulesets/469d2e84-4298-4e2d-9075-5902c2958f22","createTime":"2025-05-07T18:27:56.387402Z","updateTime":"2025-05-07T19:19:43.614068Z"}]}
[debug] [2025-05-08T03:59:01.654Z] Found ruleset: projects/myfirebasesite0786/rulesets/469d2e84-4298-4e2d-9075-5902c2958f22
[debug] [2025-05-08T03:59:01.654Z] Checked if tokens are valid: true, expires at: 1746680218115
[debug] [2025-05-08T03:59:01.654Z] Checked if tokens are valid: true, expires at: 1746680218115
[debug] [2025-05-08T03:59:01.654Z] >>> [apiv2][query] GET https://firebaserules.googleapis.com/v1/projects/myfirebasesite0786/rulesets/469d2e84-4298-4e2d-9075-5902c2958f22 [none]
[debug] [2025-05-08T03:59:02.152Z] <<< [apiv2][status] GET https://firebaserules.googleapis.com/v1/projects/myfirebasesite0786/rulesets/469d2e84-4298-4e2d-9075-5902c2958f22 200
[debug] [2025-05-08T03:59:02.152Z] <<< [apiv2][body] GET https://firebaserules.googleapis.com/v1/projects/myfirebasesite0786/rulesets/469d2e84-4298-4e2d-9075-5902c2958f22 [omitted]
[debug] [2025-05-08T03:59:02.255Z] TypeError [ERR_INVALID_ARG_TYPE]: The "path" argument must be of type string. Received undefined
    at Object.isAbsolute (node:path:1253:5)
    at Config.path (/usr/local/share/nvm/versions/node/v20.19.0/lib/node_modules/firebase-tools/lib/config.js:130:18)
    at Config.writeProjectFile (/usr/local/share/nvm/versions/node/v20.19.0/lib/node_modules/firebase-tools/lib/config.js:162:32)
    at /usr/local/share/nvm/versions/node/v20.19.0/lib/node_modules/firebase-tools/lib/init/features/firestore/rules.js:37:23
    at process.processTicksAndRejections (node:internal/process/task_queues:95:5)
    at async doSetup (/usr/local/share/nvm/versions/node/v20.19.0/lib/node_modules/firebase-tools/lib/init/features/firestore/index.js:48:5)
    at async init (/usr/local/share/nvm/versions/node/v20.19.0/lib/node_modules/firebase-tools/lib/init/index.js:41:9)
    at async Command.initAction [as actionFn] (/usr/local/share/nvm/versions/node/v20.19.0/lib/node_modules/firebase-tools/lib/commands/init.js:187:5)
[error] 
[error] Error: An unexpected error has occurred.
[debug] [2025-05-08T04:02:10.773Z] ----------------------------------------------------------------------
[debug] [2025-05-08T04:02:10.775Z] Command:       /usr/local/share/nvm/versions/node/v20.19.0/bin/node /home/codespace/nvm/current/bin/firebase init
[debug] [2025-05-08T04:02:10.775Z] CLI Version:   14.3.0
[debug] [2025-05-08T04:02:10.775Z] Platform:      linux
[debug] [2025-05-08T04:02:10.776Z] Node Version:  v20.19.0
[debug] [2025-05-08T04:02:10.776Z] Time:          Thu May 08 2025 04:02:10 GMT+0000 (Coordinated Universal Time)
[debug] [2025-05-08T04:02:10.776Z] Env Overrides: GITHUB_API_URL, GITHUB_API_URL
[debug] [2025-05-08T04:02:10.776Z] ----------------------------------------------------------------------
[debug] 
[debug] [2025-05-08T04:02:10.780Z] > command requires scopes: ["email","openid","https://www.googleapis.com/auth/cloudplatformprojects.readonly","https://www.googleapis.com/auth/firebase","https://www.googleapis.com/auth/cloud-platform"]
[debug] [2025-05-08T04:02:10.780Z] > authorizing via signed-in user (myprayagrajliving@gmail.com)
[info] 
     ######## #### ########  ######## ########     ###     ######  ########
     ##        ##  ##     ## ##       ##     ##  ##   ##  ##       ##
     ######    ##  ########  ######   ########  #########  ######  ######
     ##        ##  ##    ##  ##       ##     ## ##     ##       ## ##
     ##       #### ##     ## ######## ########  ##     ##  ######  ########

You're about to initialize a Firebase project in this directory:

  /workspaces/Dhanalakshmi-Investments/dhanalakshmi

Before we get started, keep in mind:

  * You are currently outside your home directory

[info] 
=== Project Setup
[info] 
[info] First, let's associate this project directory with a Firebase project.
[info] You can create multiple project aliases by running firebase use --add, 
[info] but for now we'll just set up a default project.
[info] 
[debug] [2025-05-08T04:02:31.092Z] Checked if tokens are valid: true, expires at: 1746680218115
[debug] [2025-05-08T04:02:31.093Z] Checked if tokens are valid: true, expires at: 1746680218115
[debug] [2025-05-08T04:02:31.094Z] >>> [apiv2][query] GET https://firebase.googleapis.com/v1beta1/projects pageSize=100
[debug] [2025-05-08T04:02:32.615Z] <<< [apiv2][status] GET https://firebase.googleapis.com/v1beta1/projects 200
[debug] [2025-05-08T04:02:32.615Z] <<< [apiv2][body] GET https://firebase.googleapis.com/v1beta1/projects [omitted]
[info] i  Using project myfirebasesite0786 (MyFirebasesite0786) 
[info] 
=== Firestore Setup
[debug] [2025-05-08T04:02:38.499Z] Checked if tokens are valid: true, expires at: 1746680218115
[debug] [2025-05-08T04:02:38.499Z] Checked if tokens are valid: true, expires at: 1746680218115
[debug] [2025-05-08T04:02:38.499Z] >>> [apiv2][query] GET https://serviceusage.googleapis.com/v1/projects/myfirebasesite0786/services/firestore.googleapis.com [none]
[debug] [2025-05-08T04:02:38.499Z] >>> [apiv2][(partial)header] GET https://serviceusage.googleapis.com/v1/projects/myfirebasesite0786/services/firestore.googleapis.com x-goog-quota-user=projects/myfirebasesite0786
[debug] [2025-05-08T04:02:40.244Z] <<< [apiv2][status] GET https://serviceusage.googleapis.com/v1/projects/myfirebasesite0786/services/firestore.googleapis.com 200
[debug] [2025-05-08T04:02:40.244Z] <<< [apiv2][body] GET https://serviceusage.googleapis.com/v1/projects/myfirebasesite0786/services/firestore.googleapis.com [omitted]
[debug] [2025-05-08T04:02:40.244Z] Checked if tokens are valid: true, expires at: 1746680218115
[debug] [2025-05-08T04:02:40.245Z] Checked if tokens are valid: true, expires at: 1746680218115
[debug] [2025-05-08T04:02:40.245Z] >>> [apiv2][query] GET https://firestore.googleapis.com/v1/projects/myfirebasesite0786/databases/(default) [none]
[debug] [2025-05-08T04:02:40.394Z] <<< [apiv2][status] GET https://firestore.googleapis.com/v1/projects/myfirebasesite0786/databases/(default) 200
[debug] [2025-05-08T04:02:40.394Z] <<< [apiv2][body] GET https://firestore.googleapis.com/v1/projects/myfirebasesite0786/databases/(default) {"name":"projects/myfirebasesite0786/databases/(default)","uid":"b8fe5a95-d0ac-46c8-91f1-a4e5c7bc69fc","createTime":"2025-05-07T18:27:46.897149Z","updateTime":"2025-05-07T18:27:46.897149Z","locationId":"asia-south1","type":"FIRESTORE_NATIVE","concurrencyMode":"PESSIMISTIC","versionRetentionPeriod":"3600s","earliestVersionTime":"2025-05-08T03:02:40.430941Z","appEngineIntegrationMode":"DISABLED","keyPrefix":"j","pointInTimeRecoveryEnablement":"POINT_IN_TIME_RECOVERY_DISABLED","deleteProtectionState":"DELETE_PROTECTION_DISABLED","databaseEdition":"STANDARD","freeTier":true,"etag":"IJCSjt7+ko0DMJm/ncb+kY0D"}
[debug] [2025-05-08T04:02:40.394Z] database_type: FIRESTORE_NATIVE
[debug] [2025-05-08T04:02:40.394Z] database_type: FIRESTORE_NATIVE
[debug] [2025-05-08T04:02:40.394Z] > command requires scopes: ["email","openid","https://www.googleapis.com/auth/cloudplatformprojects.readonly","https://www.googleapis.com/auth/firebase","https://www.googleapis.com/auth/cloud-platform"]
[debug] [2025-05-08T04:02:40.395Z] > authorizing via signed-in user (myprayagrajliving@gmail.com)
[debug] [2025-05-08T04:02:40.395Z] [iam] checking project myfirebasesite0786 for permissions ["firebase.projects.get"]
[debug] [2025-05-08T04:02:40.395Z] Checked if tokens are valid: true, expires at: 1746680218115
[debug] [2025-05-08T04:02:40.395Z] Checked if tokens are valid: true, expires at: 1746680218115
[debug] [2025-05-08T04:02:40.396Z] >>> [apiv2][query] POST https://cloudresourcemanager.googleapis.com/v1/projects/myfirebasesite0786:testIamPermissions [none]
[debug] [2025-05-08T04:02:40.396Z] >>> [apiv2][(partial)header] POST https://cloudresourcemanager.googleapis.com/v1/projects/myfirebasesite0786:testIamPermissions x-goog-quota-user=projects/myfirebasesite0786
[debug] [2025-05-08T04:02:40.396Z] >>> [apiv2][body] POST https://cloudresourcemanager.googleapis.com/v1/projects/myfirebasesite0786:testIamPermissions {"permissions":["firebase.projects.get"]}
[debug] [2025-05-08T04:02:41.806Z] <<< [apiv2][status] POST https://cloudresourcemanager.googleapis.com/v1/projects/myfirebasesite0786:testIamPermissions 200
[debug] [2025-05-08T04:02:41.806Z] <<< [apiv2][body] POST https://cloudresourcemanager.googleapis.com/v1/projects/myfirebasesite0786:testIamPermissions {"permissions":["firebase.projects.get"]}
[info] 
[info] Firestore Security Rules allow you to define how and when to allow
[info] requests. You can keep these rules in your project directory
[info] and publish them with firebase deploy.
[info] 
[debug] [2025-05-08T04:02:44.296Z] Checked if tokens are valid: true, expires at: 1746680218115
[debug] [2025-05-08T04:02:44.296Z] Checked if tokens are valid: true, expires at: 1746680218115
[debug] [2025-05-08T04:02:44.296Z] >>> [apiv2][query] GET https://firebaserules.googleapis.com/v1/projects/myfirebasesite0786/releases pageSize=10&pageToken=
[debug] [2025-05-08T04:02:44.904Z] <<< [apiv2][status] GET https://firebaserules.googleapis.com/v1/projects/myfirebasesite0786/releases 200
[debug] [2025-05-08T04:02:44.904Z] <<< [apiv2][body] GET https://firebaserules.googleapis.com/v1/projects/myfirebasesite0786/releases {"releases":[{"name":"projects/myfirebasesite0786/releases/cloud.firestore","rulesetName":"projects/myfirebasesite0786/rulesets/469d2e84-4298-4e2d-9075-5902c2958f22","createTime":"2025-05-07T18:27:56.387402Z","updateTime":"2025-05-07T19:19:43.614068Z"}]}
[debug] [2025-05-08T04:02:44.904Z] Found ruleset: projects/myfirebasesite0786/rulesets/469d2e84-4298-4e2d-9075-5902c2958f22
[debug] [2025-05-08T04:02:44.904Z] Checked if tokens are valid: true, expires at: 1746680218115
[debug] [2025-05-08T04:02:44.904Z] Checked if tokens are valid: true, expires at: 1746680218115
[debug] [2025-05-08T04:02:44.905Z] >>> [apiv2][query] GET https://firebaserules.googleapis.com/v1/projects/myfirebasesite0786/rulesets/469d2e84-4298-4e2d-9075-5902c2958f22 [none]
[debug] [2025-05-08T04:02:46.289Z] <<< [apiv2][status] GET https://firebaserules.googleapis.com/v1/projects/myfirebasesite0786/rulesets/469d2e84-4298-4e2d-9075-5902c2958f22 200
[debug] [2025-05-08T04:02:46.289Z] <<< [apiv2][body] GET https://firebaserules.googleapis.com/v1/projects/myfirebasesite0786/rulesets/469d2e84-4298-4e2d-9075-5902c2958f22 [omitted]
[debug] [2025-05-08T04:02:46.395Z] TypeError [ERR_INVALID_ARG_TYPE]: The "path" argument must be of type string. Received undefined
    at Object.isAbsolute (node:path:1253:5)
    at Config.path (/usr/local/share/nvm/versions/node/v20.19.0/lib/node_modules/firebase-tools/lib/config.js:130:18)
    at Config.writeProjectFile (/usr/local/share/nvm/versions/node/v20.19.0/lib/node_modules/firebase-tools/lib/config.js:162:32)
    at /usr/local/share/nvm/versions/node/v20.19.0/lib/node_modules/firebase-tools/lib/init/features/firestore/rules.js:37:23
    at process.processTicksAndRejections (node:internal/process/task_queues:95:5)
    at async doSetup (/usr/local/share/nvm/versions/node/v20.19.0/lib/node_modules/firebase-tools/lib/init/features/firestore/index.js:48:5)
    at async init (/usr/local/share/nvm/versions/node/v20.19.0/lib/node_modules/firebase-tools/lib/init/index.js:41:9)
    at async Command.initAction [as actionFn] (/usr/local/share/nvm/versions/node/v20.19.0/lib/node_modules/firebase-tools/lib/commands/init.js:187:5)
[error] 
[error] Error: An unexpected error has occurred.
[debug] [2025-05-08T04:04:42.116Z] ----------------------------------------------------------------------
[debug] [2025-05-08T04:04:42.118Z] Command:       /usr/local/share/nvm/versions/node/v20.19.0/bin/node /home/codespace/nvm/current/bin/firebase init --debug
[debug] [2025-05-08T04:04:42.118Z] CLI Version:   14.3.0
[debug] [2025-05-08T04:04:42.118Z] Platform:      linux
[debug] [2025-05-08T04:04:42.118Z] Node Version:  v20.19.0
[debug] [2025-05-08T04:04:42.118Z] Time:          Thu May 08 2025 04:04:42 GMT+0000 (Coordinated Universal Time)
[debug] [2025-05-08T04:04:42.119Z] Env Overrides: GITHUB_API_URL, GITHUB_API_URL
[debug] [2025-05-08T04:04:42.119Z] ----------------------------------------------------------------------
[debug] 
[debug] [2025-05-08T04:04:42.123Z] > command requires scopes: ["email","openid","https://www.googleapis.com/auth/cloudplatformprojects.readonly","https://www.googleapis.com/auth/firebase","https://www.googleapis.com/auth/cloud-platform"]
[debug] [2025-05-08T04:04:42.124Z] > authorizing via signed-in user (myprayagrajliving@gmail.com)
[info] 
     ######## #### ########  ######## ########     ###     ######  ########
     ##        ##  ##     ## ##       ##     ##  ##   ##  ##       ##
     ######    ##  ########  ######   ########  #########  ######  ######
     ##        ##  ##    ##  ##       ##     ## ##     ##       ## ##
     ##       #### ##     ## ######## ########  ##     ##  ######  ########

You're about to initialize a Firebase project in this directory:

  /workspaces/Dhanalakshmi-Investments/dhanalakshmi

Before we get started, keep in mind:

  * You are currently outside your home directory

[info] 
=== Project Setup
[info] 
[info] First, let's associate this project directory with a Firebase project.
[info] You can create multiple project aliases by running firebase use --add, 
[info] but for now we'll just set up a default project.
[info] 
[debug] [2025-05-08T04:04:59.419Z] Checked if tokens are valid: true, expires at: 1746680218115
[debug] [2025-05-08T04:04:59.420Z] Checked if tokens are valid: true, expires at: 1746680218115
[debug] [2025-05-08T04:04:59.421Z] >>> [apiv2][query] GET https://firebase.googleapis.com/v1beta1/projects pageSize=100
[debug] [2025-05-08T04:05:00.165Z] <<< [apiv2][status] GET https://firebase.googleapis.com/v1beta1/projects 200
[debug] [2025-05-08T04:05:00.166Z] <<< [apiv2][body] GET https://firebase.googleapis.com/v1beta1/projects [omitted]
[info] i  Using project myfirebasesite0786 (MyFirebasesite0786) 
[info] 
=== Firestore Setup
[debug] [2025-05-08T04:05:08.429Z] Checked if tokens are valid: true, expires at: 1746680218115
[debug] [2025-05-08T04:05:08.429Z] Checked if tokens are valid: true, expires at: 1746680218115
[debug] [2025-05-08T04:05:08.430Z] >>> [apiv2][query] GET https://serviceusage.googleapis.com/v1/projects/myfirebasesite0786/services/firestore.googleapis.com [none]
[debug] [2025-05-08T04:05:08.430Z] >>> [apiv2][(partial)header] GET https://serviceusage.googleapis.com/v1/projects/myfirebasesite0786/services/firestore.googleapis.com x-goog-quota-user=projects/myfirebasesite0786
[debug] [2025-05-08T04:05:10.219Z] <<< [apiv2][status] GET https://serviceusage.googleapis.com/v1/projects/myfirebasesite0786/services/firestore.googleapis.com 200
[debug] [2025-05-08T04:05:10.219Z] <<< [apiv2][body] GET https://serviceusage.googleapis.com/v1/projects/myfirebasesite0786/services/firestore.googleapis.com [omitted]
[debug] [2025-05-08T04:05:10.219Z] Checked if tokens are valid: true, expires at: 1746680218115
[debug] [2025-05-08T04:05:10.219Z] Checked if tokens are valid: true, expires at: 1746680218115
[debug] [2025-05-08T04:05:10.220Z] >>> [apiv2][query] GET https://firestore.googleapis.com/v1/projects/myfirebasesite0786/databases/(default) [none]
[debug] [2025-05-08T04:05:10.474Z] <<< [apiv2][status] GET https://firestore.googleapis.com/v1/projects/myfirebasesite0786/databases/(default) 200
[debug] [2025-05-08T04:05:10.474Z] <<< [apiv2][body] GET https://firestore.googleapis.com/v1/projects/myfirebasesite0786/databases/(default) {"name":"projects/myfirebasesite0786/databases/(default)","uid":"b8fe5a95-d0ac-46c8-91f1-a4e5c7bc69fc","createTime":"2025-05-07T18:27:46.897149Z","updateTime":"2025-05-07T18:27:46.897149Z","locationId":"asia-south1","type":"FIRESTORE_NATIVE","concurrencyMode":"PESSIMISTIC","versionRetentionPeriod":"3600s","earliestVersionTime":"2025-05-08T03:05:10.512290Z","appEngineIntegrationMode":"DISABLED","keyPrefix":"j","pointInTimeRecoveryEnablement":"POINT_IN_TIME_RECOVERY_DISABLED","deleteProtectionState":"DELETE_PROTECTION_DISABLED","databaseEdition":"STANDARD","freeTier":true,"etag":"IK6w1qX/ko0DMJm/ncb+kY0D"}
[debug] [2025-05-08T04:05:10.474Z] database_type: FIRESTORE_NATIVE
[debug] [2025-05-08T04:05:10.474Z] database_type: FIRESTORE_NATIVE
[debug] [2025-05-08T04:05:10.475Z] > command requires scopes: ["email","openid","https://www.googleapis.com/auth/cloudplatformprojects.readonly","https://www.googleapis.com/auth/firebase","https://www.googleapis.com/auth/cloud-platform"]
[debug] [2025-05-08T04:05:10.475Z] > authorizing via signed-in user (myprayagrajliving@gmail.com)
[debug] [2025-05-08T04:05:10.475Z] [iam] checking project myfirebasesite0786 for permissions ["firebase.projects.get"]
[debug] [2025-05-08T04:05:10.476Z] Checked if tokens are valid: true, expires at: 1746680218115
[debug] [2025-05-08T04:05:10.476Z] Checked if tokens are valid: true, expires at: 1746680218115
[debug] [2025-05-08T04:05:10.476Z] >>> [apiv2][query] POST https://cloudresourcemanager.googleapis.com/v1/projects/myfirebasesite0786:testIamPermissions [none]
[debug] [2025-05-08T04:05:10.476Z] >>> [apiv2][(partial)header] POST https://cloudresourcemanager.googleapis.com/v1/projects/myfirebasesite0786:testIamPermissions x-goog-quota-user=projects/myfirebasesite0786
[debug] [2025-05-08T04:05:10.477Z] >>> [apiv2][body] POST https://cloudresourcemanager.googleapis.com/v1/projects/myfirebasesite0786:testIamPermissions {"permissions":["firebase.projects.get"]}
[debug] [2025-05-08T04:05:11.853Z] <<< [apiv2][status] POST https://cloudresourcemanager.googleapis.com/v1/projects/myfirebasesite0786:testIamPermissions 200
[debug] [2025-05-08T04:05:11.853Z] <<< [apiv2][body] POST https://cloudresourcemanager.googleapis.com/v1/projects/myfirebasesite0786:testIamPermissions {"permissions":["firebase.projects.get"]}
[info] 
[info] Firestore Security Rules allow you to define how and when to allow
[info] requests. You can keep these rules in your project directory
[info] and publish them with firebase deploy.
[info] 
[debug] [2025-05-08T04:05:21.808Z] Checked if tokens are valid: true, expires at: 1746680218115
[debug] [2025-05-08T04:05:21.808Z] Checked if tokens are valid: true, expires at: 1746680218115
[debug] [2025-05-08T04:05:21.809Z] >>> [apiv2][query] GET https://firebaserules.googleapis.com/v1/projects/myfirebasesite0786/releases pageSize=10&pageToken=
[debug] [2025-05-08T04:05:23.263Z] <<< [apiv2][status] GET https://firebaserules.googleapis.com/v1/projects/myfirebasesite0786/releases 200
[debug] [2025-05-08T04:05:23.263Z] <<< [apiv2][body] GET https://firebaserules.googleapis.com/v1/projects/myfirebasesite0786/releases {"releases":[{"name":"projects/myfirebasesite0786/releases/cloud.firestore","rulesetName":"projects/myfirebasesite0786/rulesets/469d2e84-4298-4e2d-9075-5902c2958f22","createTime":"2025-05-07T18:27:56.387402Z","updateTime":"2025-05-07T19:19:43.614068Z"}]}
[debug] [2025-05-08T04:05:23.263Z] Found ruleset: projects/myfirebasesite0786/rulesets/469d2e84-4298-4e2d-9075-5902c2958f22
[debug] [2025-05-08T04:05:23.264Z] Checked if tokens are valid: true, expires at: 1746680218115
[debug] [2025-05-08T04:05:23.264Z] Checked if tokens are valid: true, expires at: 1746680218115
[debug] [2025-05-08T04:05:23.264Z] >>> [apiv2][query] GET https://firebaserules.googleapis.com/v1/projects/myfirebasesite0786/rulesets/469d2e84-4298-4e2d-9075-5902c2958f22 [none]
[debug] [2025-05-08T04:05:24.618Z] <<< [apiv2][status] GET https://firebaserules.googleapis.com/v1/projects/myfirebasesite0786/rulesets/469d2e84-4298-4e2d-9075-5902c2958f22 200
[debug] [2025-05-08T04:05:24.618Z] <<< [apiv2][body] GET https://firebaserules.googleapis.com/v1/projects/myfirebasesite0786/rulesets/469d2e84-4298-4e2d-9075-5902c2958f22 [omitted]
[debug] [2025-05-08T04:05:24.722Z] TypeError [ERR_INVALID_ARG_TYPE]: The "path" argument must be of type string. Received undefined
    at Object.isAbsolute (node:path:1253:5)
    at Config.path (/usr/local/share/nvm/versions/node/v20.19.0/lib/node_modules/firebase-tools/lib/config.js:130:18)
    at Config.writeProjectFile (/usr/local/share/nvm/versions/node/v20.19.0/lib/node_modules/firebase-tools/lib/config.js:162:32)
    at /usr/local/share/nvm/versions/node/v20.19.0/lib/node_modules/firebase-tools/lib/init/features/firestore/rules.js:37:23
    at process.processTicksAndRejections (node:internal/process/task_queues:95:5)
    at async doSetup (/usr/local/share/nvm/versions/node/v20.19.0/lib/node_modules/firebase-tools/lib/init/features/firestore/index.js:48:5)
    at async init (/usr/local/share/nvm/versions/node/v20.19.0/lib/node_modules/firebase-tools/lib/init/index.js:41:9)
    at async Command.initAction [as actionFn] (/usr/local/share/nvm/versions/node/v20.19.0/lib/node_modules/firebase-tools/lib/commands/init.js:187:5)
[error] 
[error] Error: An unexpected error has occurred.
[debug] [2025-05-08T04:08:48.219Z] ----------------------------------------------------------------------
[debug] [2025-05-08T04:08:48.221Z] Command:       /usr/local/share/nvm/versions/node/v20.19.0/bin/node /home/codespace/nvm/current/bin/firebase init --debug
[debug] [2025-05-08T04:08:48.221Z] CLI Version:   14.3.0
[debug] [2025-05-08T04:08:48.221Z] Platform:      linux
[debug] [2025-05-08T04:08:48.221Z] Node Version:  v20.19.0
[debug] [2025-05-08T04:08:48.221Z] Time:          Thu May 08 2025 04:08:48 GMT+0000 (Coordinated Universal Time)
[debug] [2025-05-08T04:08:48.221Z] Env Overrides: GITHUB_API_URL, GITHUB_API_URL
[debug] [2025-05-08T04:08:48.222Z] ----------------------------------------------------------------------
[debug] 
[debug] [2025-05-08T04:08:48.225Z] > command requires scopes: ["email","openid","https://www.googleapis.com/auth/cloudplatformprojects.readonly","https://www.googleapis.com/auth/firebase","https://www.googleapis.com/auth/cloud-platform"]
[debug] [2025-05-08T04:08:48.226Z] > authorizing via signed-in user (myprayagrajliving@gmail.com)
[info] 
     ######## #### ########  ######## ########     ###     ######  ########
     ##        ##  ##     ## ##       ##     ##  ##   ##  ##       ##
     ######    ##  ########  ######   ########  #########  ######  ######
     ##        ##  ##    ##  ##       ##     ## ##     ##       ## ##
     ##       #### ##     ## ######## ########  ##     ##  ######  ########

You're about to initialize a Firebase project in this directory:

  /workspaces/Dhanalakshmi-Investments/dhanalakshmi

Before we get started, keep in mind:

  * You are currently outside your home directory

[info] 
=== Project Setup
[info] 
[info] First, let's associate this project directory with a Firebase project.
[info] You can create multiple project aliases by running firebase use --add, 
[info] but for now we'll just set up a default project.
[info] 
[debug] [2025-05-08T04:08:58.577Z] Checked if tokens are valid: true, expires at: 1746680218115
[debug] [2025-05-08T04:08:58.578Z] Checked if tokens are valid: true, expires at: 1746680218115
[debug] [2025-05-08T04:08:58.579Z] >>> [apiv2][query] GET https://firebase.googleapis.com/v1beta1/projects pageSize=100
[debug] [2025-05-08T04:08:59.249Z] <<< [apiv2][status] GET https://firebase.googleapis.com/v1beta1/projects 200
[debug] [2025-05-08T04:08:59.249Z] <<< [apiv2][body] GET https://firebase.googleapis.com/v1beta1/projects [omitted]
[info] i  Using project myfirebasesite0786 (MyFirebasesite0786) 
[info] 
=== Firestore Setup
[debug] [2025-05-08T04:09:00.856Z] Checked if tokens are valid: true, expires at: 1746680218115
[debug] [2025-05-08T04:09:00.856Z] Checked if tokens are valid: true, expires at: 1746680218115
[debug] [2025-05-08T04:09:00.857Z] >>> [apiv2][query] GET https://serviceusage.googleapis.com/v1/projects/myfirebasesite0786/services/firestore.googleapis.com [none]
[debug] [2025-05-08T04:09:00.857Z] >>> [apiv2][(partial)header] GET https://serviceusage.googleapis.com/v1/projects/myfirebasesite0786/services/firestore.googleapis.com x-goog-quota-user=projects/myfirebasesite0786
[debug] [2025-05-08T04:09:02.551Z] <<< [apiv2][status] GET https://serviceusage.googleapis.com/v1/projects/myfirebasesite0786/services/firestore.googleapis.com 200
[debug] [2025-05-08T04:09:02.552Z] <<< [apiv2][body] GET https://serviceusage.googleapis.com/v1/projects/myfirebasesite0786/services/firestore.googleapis.com [omitted]
[debug] [2025-05-08T04:09:02.552Z] Checked if tokens are valid: true, expires at: 1746680218115
[debug] [2025-05-08T04:09:02.552Z] Checked if tokens are valid: true, expires at: 1746680218115
[debug] [2025-05-08T04:09:02.552Z] >>> [apiv2][query] GET https://firestore.googleapis.com/v1/projects/myfirebasesite0786/databases/(default) [none]
[debug] [2025-05-08T04:09:02.729Z] <<< [apiv2][status] GET https://firestore.googleapis.com/v1/projects/myfirebasesite0786/databases/(default) 200
[debug] [2025-05-08T04:09:02.730Z] <<< [apiv2][body] GET https://firestore.googleapis.com/v1/projects/myfirebasesite0786/databases/(default) {"name":"projects/myfirebasesite0786/databases/(default)","uid":"b8fe5a95-d0ac-46c8-91f1-a4e5c7bc69fc","createTime":"2025-05-07T18:27:46.897149Z","updateTime":"2025-05-07T18:27:46.897149Z","locationId":"asia-south1","type":"FIRESTORE_NATIVE","concurrencyMode":"PESSIMISTIC","versionRetentionPeriod":"3600s","earliestVersionTime":"2025-05-08T03:09:02.769663Z","appEngineIntegrationMode":"DISABLED","keyPrefix":"j","pointInTimeRecoveryEnablement":"POINT_IN_TIME_RECOVERY_DISABLED","deleteProtectionState":"DELETE_PROTECTION_DISABLED","databaseEdition":"STANDARD","freeTier":true,"etag":"ILSctpSAk40DMJm/ncb+kY0D"}
[debug] [2025-05-08T04:09:02.730Z] database_type: FIRESTORE_NATIVE
[debug] [2025-05-08T04:09:02.730Z] database_type: FIRESTORE_NATIVE
[debug] [2025-05-08T04:09:02.730Z] > command requires scopes: ["email","openid","https://www.googleapis.com/auth/cloudplatformprojects.readonly","https://www.googleapis.com/auth/firebase","https://www.googleapis.com/auth/cloud-platform"]
[debug] [2025-05-08T04:09:02.730Z] > authorizing via signed-in user (myprayagrajliving@gmail.com)
[debug] [2025-05-08T04:09:02.731Z] [iam] checking project myfirebasesite0786 for permissions ["firebase.projects.get"]
[debug] [2025-05-08T04:09:02.731Z] Checked if tokens are valid: true, expires at: 1746680218115
[debug] [2025-05-08T04:09:02.731Z] Checked if tokens are valid: true, expires at: 1746680218115
[debug] [2025-05-08T04:09:02.731Z] >>> [apiv2][query] POST https://cloudresourcemanager.googleapis.com/v1/projects/myfirebasesite0786:testIamPermissions [none]
[debug] [2025-05-08T04:09:02.731Z] >>> [apiv2][(partial)header] POST https://cloudresourcemanager.googleapis.com/v1/projects/myfirebasesite0786:testIamPermissions x-goog-quota-user=projects/myfirebasesite0786
[debug] [2025-05-08T04:09:02.731Z] >>> [apiv2][body] POST https://cloudresourcemanager.googleapis.com/v1/projects/myfirebasesite0786:testIamPermissions {"permissions":["firebase.projects.get"]}
[debug] [2025-05-08T04:09:04.214Z] <<< [apiv2][status] POST https://cloudresourcemanager.googleapis.com/v1/projects/myfirebasesite0786:testIamPermissions 200
[debug] [2025-05-08T04:09:04.215Z] <<< [apiv2][body] POST https://cloudresourcemanager.googleapis.com/v1/projects/myfirebasesite0786:testIamPermissions {"permissions":["firebase.projects.get"]}
[info] 
[info] Firestore Security Rules allow you to define how and when to allow
[info] requests. You can keep these rules in your project directory
[info] and publish them with firebase deploy.
[info] 
[debug] [2025-05-08T04:09:08.506Z] Checked if tokens are valid: true, expires at: 1746680218115
[debug] [2025-05-08T04:09:08.507Z] Checked if tokens are valid: true, expires at: 1746680218115
[debug] [2025-05-08T04:09:08.507Z] >>> [apiv2][query] GET https://firebaserules.googleapis.com/v1/projects/myfirebasesite0786/releases pageSize=10&pageToken=
[debug] [2025-05-08T04:09:09.895Z] <<< [apiv2][status] GET https://firebaserules.googleapis.com/v1/projects/myfirebasesite0786/releases 200
[debug] [2025-05-08T04:09:09.895Z] <<< [apiv2][body] GET https://firebaserules.googleapis.com/v1/projects/myfirebasesite0786/releases {"releases":[{"name":"projects/myfirebasesite0786/releases/cloud.firestore","rulesetName":"projects/myfirebasesite0786/rulesets/469d2e84-4298-4e2d-9075-5902c2958f22","createTime":"2025-05-07T18:27:56.387402Z","updateTime":"2025-05-07T19:19:43.614068Z"}]}
[debug] [2025-05-08T04:09:09.895Z] Found ruleset: projects/myfirebasesite0786/rulesets/469d2e84-4298-4e2d-9075-5902c2958f22
[debug] [2025-05-08T04:09:09.896Z] Checked if tokens are valid: true, expires at: 1746680218115
[debug] [2025-05-08T04:09:09.896Z] Checked if tokens are valid: true, expires at: 1746680218115
[debug] [2025-05-08T04:09:09.896Z] >>> [apiv2][query] GET https://firebaserules.googleapis.com/v1/projects/myfirebasesite0786/rulesets/469d2e84-4298-4e2d-9075-5902c2958f22 [none]
[debug] [2025-05-08T04:09:11.205Z] <<< [apiv2][status] GET https://firebaserules.googleapis.com/v1/projects/myfirebasesite0786/rulesets/469d2e84-4298-4e2d-9075-5902c2958f22 200
[debug] [2025-05-08T04:09:11.206Z] <<< [apiv2][body] GET https://firebaserules.googleapis.com/v1/projects/myfirebasesite0786/rulesets/469d2e84-4298-4e2d-9075-5902c2958f22 [omitted]
[debug] [2025-05-08T04:09:11.308Z] TypeError [ERR_INVALID_ARG_TYPE]: The "path" argument must be of type string. Received undefined
    at Object.isAbsolute (node:path:1253:5)
    at Config.path (/usr/local/share/nvm/versions/node/v20.19.0/lib/node_modules/firebase-tools/lib/config.js:130:18)
    at Config.writeProjectFile (/usr/local/share/nvm/versions/node/v20.19.0/lib/node_modules/firebase-tools/lib/config.js:162:32)
    at /usr/local/share/nvm/versions/node/v20.19.0/lib/node_modules/firebase-tools/lib/init/features/firestore/rules.js:37:23
    at process.processTicksAndRejections (node:internal/process/task_queues:95:5)
    at async doSetup (/usr/local/share/nvm/versions/node/v20.19.0/lib/node_modules/firebase-tools/lib/init/features/firestore/index.js:48:5)
    at async init (/usr/local/share/nvm/versions/node/v20.19.0/lib/node_modules/firebase-tools/lib/init/index.js:41:9)
    at async Command.initAction [as actionFn] (/usr/local/share/nvm/versions/node/v20.19.0/lib/node_modules/firebase-tools/lib/commands/init.js:187:5)
[error] 
[error] Error: An unexpected error has occurred.
[debug] [2025-05-08T04:13:56.038Z] ----------------------------------------------------------------------
[debug] [2025-05-08T04:13:56.039Z] Command:       /usr/local/share/nvm/versions/node/v22.14.0/bin/node /home/codespace/nvm/current/bin/firebase init --debug
[debug] [2025-05-08T04:13:56.040Z] CLI Version:   14.3.0
[debug] [2025-05-08T04:13:56.040Z] Platform:      linux
[debug] [2025-05-08T04:13:56.040Z] Node Version:  v22.14.0
[debug] [2025-05-08T04:13:56.040Z] Time:          Thu May 08 2025 04:13:56 GMT+0000 (Coordinated Universal Time)
[debug] [2025-05-08T04:13:56.041Z] Env Overrides: GITHUB_API_URL, GITHUB_API_URL
[debug] [2025-05-08T04:13:56.041Z] ----------------------------------------------------------------------
[debug] 
[debug] [2025-05-08T04:13:56.044Z] > command requires scopes: ["email","openid","https://www.googleapis.com/auth/cloudplatformprojects.readonly","https://www.googleapis.com/auth/firebase","https://www.googleapis.com/auth/cloud-platform"]
[debug] [2025-05-08T04:13:56.045Z] > authorizing via signed-in user (myprayagrajliving@gmail.com)
[info] 
     ######## #### ########  ######## ########     ###     ######  ########
     ##        ##  ##     ## ##       ##     ##  ##   ##  ##       ##
     ######    ##  ########  ######   ########  #########  ######  ######
     ##        ##  ##    ##  ##       ##     ## ##     ##       ## ##
     ##       #### ##     ## ######## ########  ##     ##  ######  ########

You're about to initialize a Firebase project in this directory:

  /workspaces/Dhanalakshmi-Investments/dhanalakshmi

Before we get started, keep in mind:

  * You are currently outside your home directory

[info] 
=== Project Setup
[info] 
[info] First, let's associate this project directory with a Firebase project.
[info] You can create multiple project aliases by running firebase use --add, 
[info] but for now we'll just set up a default project.
[info] 
[debug] [2025-05-08T04:14:10.447Z] Checked if tokens are valid: true, expires at: 1746680218115
[debug] [2025-05-08T04:14:10.447Z] Checked if tokens are valid: true, expires at: 1746680218115
[debug] [2025-05-08T04:14:10.449Z] >>> [apiv2][query] GET https://firebase.googleapis.com/v1beta1/projects pageSize=100
[debug] [2025-05-08T04:14:11.133Z] <<< [apiv2][status] GET https://firebase.googleapis.com/v1beta1/projects 200
[debug] [2025-05-08T04:14:11.134Z] <<< [apiv2][body] GET https://firebase.googleapis.com/v1beta1/projects [omitted]
[info] i  Using project myfirebasesite0786 (MyFirebasesite0786) 
[info] 
=== Firestore Setup
[debug] [2025-05-08T04:14:12.611Z] Checked if tokens are valid: true, expires at: 1746680218115
[debug] [2025-05-08T04:14:12.611Z] Checked if tokens are valid: true, expires at: 1746680218115
[debug] [2025-05-08T04:14:12.612Z] >>> [apiv2][query] GET https://serviceusage.googleapis.com/v1/projects/myfirebasesite0786/services/firestore.googleapis.com [none]
[debug] [2025-05-08T04:14:12.612Z] >>> [apiv2][(partial)header] GET https://serviceusage.googleapis.com/v1/projects/myfirebasesite0786/services/firestore.googleapis.com x-goog-quota-user=projects/myfirebasesite0786
[debug] [2025-05-08T04:14:14.372Z] <<< [apiv2][status] GET https://serviceusage.googleapis.com/v1/projects/myfirebasesite0786/services/firestore.googleapis.com 200
[debug] [2025-05-08T04:14:14.372Z] <<< [apiv2][body] GET https://serviceusage.googleapis.com/v1/projects/myfirebasesite0786/services/firestore.googleapis.com [omitted]
[debug] [2025-05-08T04:14:14.372Z] Checked if tokens are valid: true, expires at: 1746680218115
[debug] [2025-05-08T04:14:14.372Z] Checked if tokens are valid: true, expires at: 1746680218115
[debug] [2025-05-08T04:14:14.373Z] >>> [apiv2][query] GET https://firestore.googleapis.com/v1/projects/myfirebasesite0786/databases/(default) [none]
[debug] [2025-05-08T04:14:14.581Z] <<< [apiv2][status] GET https://firestore.googleapis.com/v1/projects/myfirebasesite0786/databases/(default) 200
[debug] [2025-05-08T04:14:14.582Z] <<< [apiv2][body] GET https://firestore.googleapis.com/v1/projects/myfirebasesite0786/databases/(default) {"name":"projects/myfirebasesite0786/databases/(default)","uid":"b8fe5a95-d0ac-46c8-91f1-a4e5c7bc69fc","createTime":"2025-05-07T18:27:46.897149Z","updateTime":"2025-05-07T18:27:46.897149Z","locationId":"asia-south1","type":"FIRESTORE_NATIVE","concurrencyMode":"PESSIMISTIC","versionRetentionPeriod":"3600s","earliestVersionTime":"2025-05-08T03:14:14.626154Z","appEngineIntegrationMode":"DISABLED","keyPrefix":"j","pointInTimeRecoveryEnablement":"POINT_IN_TIME_RECOVERY_DISABLED","deleteProtectionState":"DELETE_PROTECTION_DISABLED","databaseEdition":"STANDARD","freeTier":true,"etag":"IKa6kKmBk40DMJm/ncb+kY0D"}
[debug] [2025-05-08T04:14:14.582Z] database_type: FIRESTORE_NATIVE
[debug] [2025-05-08T04:14:14.582Z] database_type: FIRESTORE_NATIVE
[debug] [2025-05-08T04:14:14.582Z] > command requires scopes: ["email","openid","https://www.googleapis.com/auth/cloudplatformprojects.readonly","https://www.googleapis.com/auth/firebase","https://www.googleapis.com/auth/cloud-platform"]
[debug] [2025-05-08T04:14:14.583Z] > authorizing via signed-in user (myprayagrajliving@gmail.com)
[debug] [2025-05-08T04:14:14.583Z] [iam] checking project myfirebasesite0786 for permissions ["firebase.projects.get"]
[debug] [2025-05-08T04:14:14.583Z] Checked if tokens are valid: true, expires at: 1746680218115
[debug] [2025-05-08T04:14:14.583Z] Checked if tokens are valid: true, expires at: 1746680218115
[debug] [2025-05-08T04:14:14.583Z] >>> [apiv2][query] POST https://cloudresourcemanager.googleapis.com/v1/projects/myfirebasesite0786:testIamPermissions [none]
[debug] [2025-05-08T04:14:14.584Z] >>> [apiv2][(partial)header] POST https://cloudresourcemanager.googleapis.com/v1/projects/myfirebasesite0786:testIamPermissions x-goog-quota-user=projects/myfirebasesite0786
[debug] [2025-05-08T04:14:14.584Z] >>> [apiv2][body] POST https://cloudresourcemanager.googleapis.com/v1/projects/myfirebasesite0786:testIamPermissions {"permissions":["firebase.projects.get"]}
[debug] [2025-05-08T04:14:16.029Z] <<< [apiv2][status] POST https://cloudresourcemanager.googleapis.com/v1/projects/myfirebasesite0786:testIamPermissions 200
[debug] [2025-05-08T04:14:16.030Z] <<< [apiv2][body] POST https://cloudresourcemanager.googleapis.com/v1/projects/myfirebasesite0786:testIamPermissions {"permissions":["firebase.projects.get"]}
[info] 
[info] Firestore Security Rules allow you to define how and when to allow
[info] requests. You can keep these rules in your project directory
[info] and publish them with firebase deploy.
[info] 
[debug] [2025-05-08T04:14:16.944Z] Checked if tokens are valid: true, expires at: 1746680218115
[debug] [2025-05-08T04:14:16.945Z] Checked if tokens are valid: true, expires at: 1746680218115
[debug] [2025-05-08T04:14:16.945Z] >>> [apiv2][query] GET https://firebaserules.googleapis.com/v1/projects/myfirebasesite0786/releases pageSize=10&pageToken=
[debug] [2025-05-08T04:14:18.392Z] <<< [apiv2][status] GET https://firebaserules.googleapis.com/v1/projects/myfirebasesite0786/releases 200
[debug] [2025-05-08T04:14:18.392Z] <<< [apiv2][body] GET https://firebaserules.googleapis.com/v1/projects/myfirebasesite0786/releases {"releases":[{"name":"projects/myfirebasesite0786/releases/cloud.firestore","rulesetName":"projects/myfirebasesite0786/rulesets/469d2e84-4298-4e2d-9075-5902c2958f22","createTime":"2025-05-07T18:27:56.387402Z","updateTime":"2025-05-07T19:19:43.614068Z"}]}
[debug] [2025-05-08T04:14:18.393Z] Found ruleset: projects/myfirebasesite0786/rulesets/469d2e84-4298-4e2d-9075-5902c2958f22
[debug] [2025-05-08T04:14:18.393Z] Checked if tokens are valid: true, expires at: 1746680218115
[debug] [2025-05-08T04:14:18.393Z] Checked if tokens are valid: true, expires at: 1746680218115
[debug] [2025-05-08T04:14:18.393Z] >>> [apiv2][query] GET https://firebaserules.googleapis.com/v1/projects/myfirebasesite0786/rulesets/469d2e84-4298-4e2d-9075-5902c2958f22 [none]
[debug] [2025-05-08T04:14:18.711Z] <<< [apiv2][status] GET https://firebaserules.googleapis.com/v1/projects/myfirebasesite0786/rulesets/469d2e84-4298-4e2d-9075-5902c2958f22 200
[debug] [2025-05-08T04:14:18.711Z] <<< [apiv2][body] GET https://firebaserules.googleapis.com/v1/projects/myfirebasesite0786/rulesets/469d2e84-4298-4e2d-9075-5902c2958f22 [omitted]
[debug] [2025-05-08T04:14:18.815Z] TypeError [ERR_INVALID_ARG_TYPE]: The "path" argument must be of type string. Received undefined
    at Object.isAbsolute (node:path:1252:5)
    at Config.path (/usr/local/share/nvm/versions/node/v22.14.0/lib/node_modules/firebase-tools/lib/config.js:130:18)
    at Config.writeProjectFile (/usr/local/share/nvm/versions/node/v22.14.0/lib/node_modules/firebase-tools/lib/config.js:162:32)
    at /usr/local/share/nvm/versions/node/v22.14.0/lib/node_modules/firebase-tools/lib/init/features/firestore/rules.js:37:23
    at process.processTicksAndRejections (node:internal/process/task_queues:105:5)
    at async doSetup (/usr/local/share/nvm/versions/node/v22.14.0/lib/node_modules/firebase-tools/lib/init/features/firestore/index.js:48:5)
    at async init (/usr/local/share/nvm/versions/node/v22.14.0/lib/node_modules/firebase-tools/lib/init/index.js:41:9)
    at async Command.initAction [as actionFn] (/usr/local/share/nvm/versions/node/v22.14.0/lib/node_modules/firebase-tools/lib/commands/init.js:187:5)
[error] 
[error] Error: An unexpected error has occurred.
